Performing C++ SOURCE FILE Test COMPILER_SUPPORT_Wshorten64to32 failed with the following output:
Change Dir: /cygdrive/c/Users/jonat/OneDrive/Documents/CMEA/project2_handout/2d-linFEM/build/Eigen-prefix/src/Eigen-build/CMakeFiles/CMakeTmp

Run Build Command(s):/usr/bin/make.exe -f Makefile cmTC_ad32d/fast && make[3]: Entering directory '/cygdrive/c/Users/jonat/OneDrive/Documents/CMEA/project2_handout/2d-linFEM/build/Eigen-prefix/src/Eigen-build/CMakeFiles/CMakeTmp'
/usr/bin/make  -f CMakeFiles/cmTC_ad32d.dir/build.make CMakeFiles/cmTC_ad32d.dir/build
make[4]: Entering directory '/cygdrive/c/Users/jonat/OneDrive/Documents/CMEA/project2_handout/2d-linFEM/build/Eigen-prefix/src/Eigen-build/CMakeFiles/CMakeTmp'
Building CXX object CMakeFiles/cmTC_ad32d.dir/src.cxx.o
/usr/bin/c++.exe -DCOMPILER_SUPPORT_Wshorten64to32  -std=c++03 -pedantic -Wall -Wextra -Wundef -Wcast-align -Wchar-subscripts -Wnon-virtual-dtor -Wunused-local-typedefs -Wpointer-arith -Wwrite-strings -Wformat-security -Werror   -Wshorten-64-to-32 -o CMakeFiles/cmTC_ad32d.dir/src.cxx.o -c /cygdrive/c/Users/jonat/OneDrive/Documents/CMEA/project2_handout/2d-linFEM/build/Eigen-prefix/src/Eigen-build/CMakeFiles/CMakeTmp/src.cxx
c++: error: unrecognized command-line option '-Wshorten-64-to-32'
make[4]: *** [CMakeFiles/cmTC_ad32d.dir/build.make:78: CMakeFiles/cmTC_ad32d.dir/src.cxx.o] Error 1
make[4]: Leaving directory '/cygdrive/c/Users/jonat/OneDrive/Documents/CMEA/project2_handout/2d-linFEM/build/Eigen-prefix/src/Eigen-build/CMakeFiles/CMakeTmp'
make[3]: *** [Makefile:127: cmTC_ad32d/fast] Error 2
make[3]: Leaving directory '/cygdrive/c/Users/jonat/OneDrive/Documents/CMEA/project2_handout/2d-linFEM/build/Eigen-prefix/src/Eigen-build/CMakeFiles/CMakeTmp'


Source file was:
int main() { return 0; }
Performing C++ SOURCE FILE Test COMPILER_SUPPORT_Wcpp11extensions failed with the following output:
Change Dir: /cygdrive/c/Users/jonat/OneDrive/Documents/CMEA/project2_handout/2d-linFEM/build/Eigen-prefix/src/Eigen-build/CMakeFiles/CMakeTmp

Run Build Command(s):/usr/bin/make.exe -f Makefile cmTC_d00c7/fast && make[3]: Entering directory '/cygdrive/c/Users/jonat/OneDrive/Documents/CMEA/project2_handout/2d-linFEM/build/Eigen-prefix/src/Eigen-build/CMakeFiles/CMakeTmp'
/usr/bin/make  -f CMakeFiles/cmTC_d00c7.dir/build.make CMakeFiles/cmTC_d00c7.dir/build
make[4]: Entering directory '/cygdrive/c/Users/jonat/OneDrive/Documents/CMEA/project2_handout/2d-linFEM/build/Eigen-prefix/src/Eigen-build/CMakeFiles/CMakeTmp'
Building CXX object CMakeFiles/cmTC_d00c7.dir/src.cxx.o
/usr/bin/c++.exe -DCOMPILER_SUPPORT_Wcpp11extensions  -std=c++03 -pedantic -Wall -Wextra -Wundef -Wcast-align -Wchar-subscripts -Wnon-virtual-dtor -Wunused-local-typedefs -Wpointer-arith -Wwrite-strings -Wformat-security -Wlogical-op -Wenum-conversion -Werror   -Wc++11-extensions -o CMakeFiles/cmTC_d00c7.dir/src.cxx.o -c /cygdrive/c/Users/jonat/OneDrive/Documents/CMEA/project2_handout/2d-linFEM/build/Eigen-prefix/src/Eigen-build/CMakeFiles/CMakeTmp/src.cxx
c++: error: unrecognized command-line option '-Wc++11-extensions'; did you mean '-fms-extensions'?
make[4]: *** [CMakeFiles/cmTC_d00c7.dir/build.make:78: CMakeFiles/cmTC_d00c7.dir/src.cxx.o] Error 1
make[4]: Leaving directory '/cygdrive/c/Users/jonat/OneDrive/Documents/CMEA/project2_handout/2d-linFEM/build/Eigen-prefix/src/Eigen-build/CMakeFiles/CMakeTmp'
make[3]: *** [Makefile:127: cmTC_d00c7/fast] Error 2
make[3]: Leaving directory '/cygdrive/c/Users/jonat/OneDrive/Documents/CMEA/project2_handout/2d-linFEM/build/Eigen-prefix/src/Eigen-build/CMakeFiles/CMakeTmp'


Source file was:
int main() { return 0; }
Performing C++ SOURCE FILE Test COMPILER_SUPPORT_wd981 failed with the following output:
Change Dir: /cygdrive/c/Users/jonat/OneDrive/Documents/CMEA/project2_handout/2d-linFEM/build/Eigen-prefix/src/Eigen-build/CMakeFiles/CMakeTmp

Run Build Command(s):/usr/bin/make.exe -f Makefile cmTC_e700a/fast && make[3]: Entering directory '/cygdrive/c/Users/jonat/OneDrive/Documents/CMEA/project2_handout/2d-linFEM/build/Eigen-prefix/src/Eigen-build/CMakeFiles/CMakeTmp'
/usr/bin/make  -f CMakeFiles/cmTC_e700a.dir/build.make CMakeFiles/cmTC_e700a.dir/build
make[4]: Entering directory '/cygdrive/c/Users/jonat/OneDrive/Documents/CMEA/project2_handout/2d-linFEM/build/Eigen-prefix/src/Eigen-build/CMakeFiles/CMakeTmp'
Building CXX object CMakeFiles/cmTC_e700a.dir/src.cxx.o
/usr/bin/c++.exe -DCOMPILER_SUPPORT_wd981  -std=c++03 -pedantic -Wall -Wextra -Wundef -Wcast-align -Wchar-subscripts -Wnon-virtual-dtor -Wunused-local-typedefs -Wpointer-arith -Wwrite-strings -Wformat-security -Wlogical-op -Wenum-conversion -Wdouble-promotion -Wno-psabi -Wno-variadic-macros -Wno-long-long -fno-check-new -fno-common -fstrict-aliasing -Werror   -wd981 -o CMakeFiles/cmTC_e700a.dir/src.cxx.o -c /cygdrive/c/Users/jonat/OneDrive/Documents/CMEA/project2_handout/2d-linFEM/build/Eigen-prefix/src/Eigen-build/CMakeFiles/CMakeTmp/src.cxx
c++: error: unrecognized command-line option '-wd981'
make[4]: *** [CMakeFiles/cmTC_e700a.dir/build.make:78: CMakeFiles/cmTC_e700a.dir/src.cxx.o] Error 1
make[4]: Leaving directory '/cygdrive/c/Users/jonat/OneDrive/Documents/CMEA/project2_handout/2d-linFEM/build/Eigen-prefix/src/Eigen-build/CMakeFiles/CMakeTmp'
make[3]: *** [Makefile:127: cmTC_e700a/fast] Error 2
make[3]: Leaving directory '/cygdrive/c/Users/jonat/OneDrive/Documents/CMEA/project2_handout/2d-linFEM/build/Eigen-prefix/src/Eigen-build/CMakeFiles/CMakeTmp'


Source file was:
int main() { return 0; }
Performing C++ SOURCE FILE Test COMPILER_SUPPORT_wd2304 failed with the following output:
Change Dir: /cygdrive/c/Users/jonat/OneDrive/Documents/CMEA/project2_handout/2d-linFEM/build/Eigen-prefix/src/Eigen-build/CMakeFiles/CMakeTmp

Run Build Command(s):/usr/bin/make.exe -f Makefile cmTC_f4d92/fast && make[3]: Entering directory '/cygdrive/c/Users/jonat/OneDrive/Documents/CMEA/project2_handout/2d-linFEM/build/Eigen-prefix/src/Eigen-build/CMakeFiles/CMakeTmp'
/usr/bin/make  -f CMakeFiles/cmTC_f4d92.dir/build.make CMakeFiles/cmTC_f4d92.dir/build
make[4]: Entering directory '/cygdrive/c/Users/jonat/OneDrive/Documents/CMEA/project2_handout/2d-linFEM/build/Eigen-prefix/src/Eigen-build/CMakeFiles/CMakeTmp'
Building CXX object CMakeFiles/cmTC_f4d92.dir/src.cxx.o
/usr/bin/c++.exe -DCOMPILER_SUPPORT_wd2304  -std=c++03 -pedantic -Wall -Wextra -Wundef -Wcast-align -Wchar-subscripts -Wnon-virtual-dtor -Wunused-local-typedefs -Wpointer-arith -Wwrite-strings -Wformat-security -Wlogical-op -Wenum-conversion -Wdouble-promotion -Wno-psabi -Wno-variadic-macros -Wno-long-long -fno-check-new -fno-common -fstrict-aliasing -Werror   -wd2304 -o CMakeFiles/cmTC_f4d92.dir/src.cxx.o -c /cygdrive/c/Users/jonat/OneDrive/Documents/CMEA/project2_handout/2d-linFEM/build/Eigen-prefix/src/Eigen-build/CMakeFiles/CMakeTmp/src.cxx
c++: error: unrecognized command-line option '-wd2304'
make[4]: *** [CMakeFiles/cmTC_f4d92.dir/build.make:78: CMakeFiles/cmTC_f4d92.dir/src.cxx.o] Error 1
make[4]: Leaving directory '/cygdrive/c/Users/jonat/OneDrive/Documents/CMEA/project2_handout/2d-linFEM/build/Eigen-prefix/src/Eigen-build/CMakeFiles/CMakeTmp'
make[3]: *** [Makefile:127: cmTC_f4d92/fast] Error 2
make[3]: Leaving directory '/cygdrive/c/Users/jonat/OneDrive/Documents/CMEA/project2_handout/2d-linFEM/build/Eigen-prefix/src/Eigen-build/CMakeFiles/CMakeTmp'


Source file was:
int main() { return 0; }
Performing C++ SOURCE FILE Test COMPILER_SUPPORT_STRICTANSI failed with the following output:
Change Dir: /cygdrive/c/Users/jonat/OneDrive/Documents/CMEA/project2_handout/2d-linFEM/build/Eigen-prefix/src/Eigen-build/CMakeFiles/CMakeTmp

Run Build Command(s):/usr/bin/make.exe -f Makefile cmTC_26140/fast && make[3]: Entering directory '/cygdrive/c/Users/jonat/OneDrive/Documents/CMEA/project2_handout/2d-linFEM/build/Eigen-prefix/src/Eigen-build/CMakeFiles/CMakeTmp'
/usr/bin/make  -f CMakeFiles/cmTC_26140.dir/build.make CMakeFiles/cmTC_26140.dir/build
make[4]: Entering directory '/cygdrive/c/Users/jonat/OneDrive/Documents/CMEA/project2_handout/2d-linFEM/build/Eigen-prefix/src/Eigen-build/CMakeFiles/CMakeTmp'
Building CXX object CMakeFiles/cmTC_26140.dir/src.cxx.o
/usr/bin/c++.exe -DCOMPILER_SUPPORT_STRICTANSI  -std=c++03 -pedantic -Wall -Wextra -Wundef -Wcast-align -Wchar-subscripts -Wnon-virtual-dtor -Wunused-local-typedefs -Wpointer-arith -Wwrite-strings -Wformat-security -Wlogical-op -Wenum-conversion -Wdouble-promotion -Wno-psabi -Wno-variadic-macros -Wno-long-long -fno-check-new -fno-common -fstrict-aliasing -Werror   -strict-ansi -o CMakeFiles/cmTC_26140.dir/src.cxx.o -c /cygdrive/c/Users/jonat/OneDrive/Documents/CMEA/project2_handout/2d-linFEM/build/Eigen-prefix/src/Eigen-build/CMakeFiles/CMakeTmp/src.cxx
c++: error: unrecognized command-line option '-strict-ansi'; did you mean '-fstrict-enums'?
make[4]: *** [CMakeFiles/cmTC_26140.dir/build.make:78: CMakeFiles/cmTC_26140.dir/src.cxx.o] Error 1
make[4]: Leaving directory '/cygdrive/c/Users/jonat/OneDrive/Documents/CMEA/project2_handout/2d-linFEM/build/Eigen-prefix/src/Eigen-build/CMakeFiles/CMakeTmp'
make[3]: *** [Makefile:127: cmTC_26140/fast] Error 2
make[3]: Leaving directory '/cygdrive/c/Users/jonat/OneDrive/Documents/CMEA/project2_handout/2d-linFEM/build/Eigen-prefix/src/Eigen-build/CMakeFiles/CMakeTmp'


Source file was:
int main() { return 0; }
Performing C++ SOURCE FILE Test COMPILER_SUPPORT_Qunusedarguments failed with the following output:
Change Dir: /cygdrive/c/Users/jonat/OneDrive/Documents/CMEA/project2_handout/2d-linFEM/build/Eigen-prefix/src/Eigen-build/CMakeFiles/CMakeTmp

Run Build Command(s):/usr/bin/make.exe -f Makefile cmTC_9857d/fast && make[3]: Entering directory '/cygdrive/c/Users/jonat/OneDrive/Documents/CMEA/project2_handout/2d-linFEM/build/Eigen-prefix/src/Eigen-build/CMakeFiles/CMakeTmp'
/usr/bin/make  -f CMakeFiles/cmTC_9857d.dir/build.make CMakeFiles/cmTC_9857d.dir/build
make[4]: Entering directory '/cygdrive/c/Users/jonat/OneDrive/Documents/CMEA/project2_handout/2d-linFEM/build/Eigen-prefix/src/Eigen-build/CMakeFiles/CMakeTmp'
Building CXX object CMakeFiles/cmTC_9857d.dir/src.cxx.o
/usr/bin/c++.exe -DCOMPILER_SUPPORT_Qunusedarguments  -std=c++03 -pedantic -Wall -Wextra -Wundef -Wcast-align -Wchar-subscripts -Wnon-virtual-dtor -Wunused-local-typedefs -Wpointer-arith -Wwrite-strings -Wformat-security -Wlogical-op -Wenum-conversion -Wdouble-promotion -Wno-psabi -Wno-variadic-macros -Wno-long-long -fno-check-new -fno-common -fstrict-aliasing -Werror   -Qunused-arguments -o CMakeFiles/cmTC_9857d.dir/src.cxx.o -c /cygdrive/c/Users/jonat/OneDrive/Documents/CMEA/project2_handout/2d-linFEM/build/Eigen-prefix/src/Eigen-build/CMakeFiles/CMakeTmp/src.cxx
c++: error: unrecognized command-line option '-Qunused-arguments'
make[4]: *** [CMakeFiles/cmTC_9857d.dir/build.make:78: CMakeFiles/cmTC_9857d.dir/src.cxx.o] Error 1
make[4]: Leaving directory '/cygdrive/c/Users/jonat/OneDrive/Documents/CMEA/project2_handout/2d-linFEM/build/Eigen-prefix/src/Eigen-build/CMakeFiles/CMakeTmp'
make[3]: *** [Makefile:127: cmTC_9857d/fast] Error 2
make[3]: Leaving directory '/cygdrive/c/Users/jonat/OneDrive/Documents/CMEA/project2_handout/2d-linFEM/build/Eigen-prefix/src/Eigen-build/CMakeFiles/CMakeTmp'


Source file was:
int main() { return 0; }
The MPI test test_mpi for C in mode normal failed to compile with the following output:
Change Dir: /cygdrive/c/Users/jonat/OneDrive/Documents/CMEA/project2_handout/2d-linFEM/build/Eigen-prefix/src/Eigen-build/CMakeFiles/CMakeTmp

Run Build Command(s):/usr/bin/make.exe -f Makefile cmTC_8d1e7/fast && make[3]: Entering directory '/cygdrive/c/Users/jonat/OneDrive/Documents/CMEA/project2_handout/2d-linFEM/build/Eigen-prefix/src/Eigen-build/CMakeFiles/CMakeTmp'
/usr/bin/make  -f CMakeFiles/cmTC_8d1e7.dir/build.make CMakeFiles/cmTC_8d1e7.dir/build
make[4]: Entering directory '/cygdrive/c/Users/jonat/OneDrive/Documents/CMEA/project2_handout/2d-linFEM/build/Eigen-prefix/src/Eigen-build/CMakeFiles/CMakeTmp'
Building C object CMakeFiles/cmTC_8d1e7.dir/test_mpi.c.o
/usr/bin/cc    -o CMakeFiles/cmTC_8d1e7.dir/test_mpi.c.o -c /usr/share/cmake-3.20.0/Modules/FindMPI/test_mpi.c
/usr/share/cmake-3.20.0/Modules/FindMPI/test_mpi.c:1:10: fatal error: mpi.h: No such file or directory
    1 | #include <mpi.h>
      |          ^~~~~~~
compilation terminated.
make[4]: *** [CMakeFiles/cmTC_8d1e7.dir/build.make:78: CMakeFiles/cmTC_8d1e7.dir/test_mpi.c.o] Error 1
make[4]: Leaving directory '/cygdrive/c/Users/jonat/OneDrive/Documents/CMEA/project2_handout/2d-linFEM/build/Eigen-prefix/src/Eigen-build/CMakeFiles/CMakeTmp'
make[3]: *** [Makefile:127: cmTC_8d1e7/fast] Error 2
make[3]: Leaving directory '/cygdrive/c/Users/jonat/OneDrive/Documents/CMEA/project2_handout/2d-linFEM/build/Eigen-prefix/src/Eigen-build/CMakeFiles/CMakeTmp'



The MPI test test_mpi for CXX in mode normal failed to compile with the following output:
Change Dir: /cygdrive/c/Users/jonat/OneDrive/Documents/CMEA/project2_handout/2d-linFEM/build/Eigen-prefix/src/Eigen-build/CMakeFiles/CMakeTmp

Run Build Command(s):/usr/bin/make.exe -f Makefile cmTC_aff9b/fast && make[3]: Entering directory '/cygdrive/c/Users/jonat/OneDrive/Documents/CMEA/project2_handout/2d-linFEM/build/Eigen-prefix/src/Eigen-build/CMakeFiles/CMakeTmp'
/usr/bin/make  -f CMakeFiles/cmTC_aff9b.dir/build.make CMakeFiles/cmTC_aff9b.dir/build
make[4]: Entering directory '/cygdrive/c/Users/jonat/OneDrive/Documents/CMEA/project2_handout/2d-linFEM/build/Eigen-prefix/src/Eigen-build/CMakeFiles/CMakeTmp'
Building CXX object CMakeFiles/cmTC_aff9b.dir/test_mpi.cpp.o
/usr/bin/c++.exe   -std=c++03 -pedantic -Wall -Wextra -Wundef -Wcast-align -Wchar-subscripts -Wnon-virtual-dtor -Wunused-local-typedefs -Wpointer-arith -Wwrite-strings -Wformat-security -Wlogical-op -Wenum-conversion -Wdouble-promotion -Wno-psabi -Wno-variadic-macros -Wno-long-long -fno-check-new -fno-common -fstrict-aliasing -ansi  -o CMakeFiles/cmTC_aff9b.dir/test_mpi.cpp.o -c /cygdrive/c/Users/jonat/OneDrive/Documents/CMEA/project2_handout/2d-linFEM/build/Eigen-prefix/src/Eigen-build/CMakeFiles/FindMPI/test_mpi.cpp
/cygdrive/c/Users/jonat/OneDrive/Documents/CMEA/project2_handout/2d-linFEM/build/Eigen-prefix/src/Eigen-build/CMakeFiles/FindMPI/test_mpi.cpp:1:10: fatal error: mpi.h: No such file or directory
    1 | #include <mpi.h>
      |          ^~~~~~~
compilation terminated.
make[4]: *** [CMakeFiles/cmTC_aff9b.dir/build.make:78: CMakeFiles/cmTC_aff9b.dir/test_mpi.cpp.o] Error 1
make[4]: Leaving directory '/cygdrive/c/Users/jonat/OneDrive/Documents/CMEA/project2_handout/2d-linFEM/build/Eigen-prefix/src/Eigen-build/CMakeFiles/CMakeTmp'
make[3]: *** [Makefile:127: cmTC_aff9b/fast] Error 2
make[3]: Leaving directory '/cygdrive/c/Users/jonat/OneDrive/Documents/CMEA/project2_handout/2d-linFEM/build/Eigen-prefix/src/Eigen-build/CMakeFiles/CMakeTmp'



Performing C SOURCE FILE Test SCOTCH_Num_4 failed with the following compile output:
Change Dir: /cygdrive/c/Users/jonat/OneDrive/Documents/CMEA/project2_handout/2d-linFEM/build/Eigen-prefix/src/Eigen-build/CMakeFiles/CMakeTmp

Run Build Command(s):/usr/bin/make.exe -f Makefile cmTC_588d3/fast && make[3]: Entering directory '/cygdrive/c/Users/jonat/OneDrive/Documents/CMEA/project2_handout/2d-linFEM/build/Eigen-prefix/src/Eigen-build/CMakeFiles/CMakeTmp'
/usr/bin/make  -f CMakeFiles/cmTC_588d3.dir/build.make CMakeFiles/cmTC_588d3.dir/build
make[4]: Entering directory '/cygdrive/c/Users/jonat/OneDrive/Documents/CMEA/project2_handout/2d-linFEM/build/Eigen-prefix/src/Eigen-build/CMakeFiles/CMakeTmp'
Building C object CMakeFiles/cmTC_588d3.dir/src.c.o
/usr/bin/cc -DSCOTCH_Num_4   -o CMakeFiles/cmTC_588d3.dir/src.c.o -c /cygdrive/c/Users/jonat/OneDrive/Documents/CMEA/project2_handout/2d-linFEM/build/Eigen-prefix/src/Eigen-build/CMakeFiles/CMakeTmp/src.c
/cygdrive/c/Users/jonat/OneDrive/Documents/CMEA/project2_handout/2d-linFEM/build/Eigen-prefix/src/Eigen-build/CMakeFiles/CMakeTmp/src.c:4:10: fatal error: scotch.h: No such file or directory
    4 | #include <scotch.h>
      |          ^~~~~~~~~~
compilation terminated.
make[4]: *** [CMakeFiles/cmTC_588d3.dir/build.make:78: CMakeFiles/cmTC_588d3.dir/src.c.o] Error 1
make[4]: Leaving directory '/cygdrive/c/Users/jonat/OneDrive/Documents/CMEA/project2_handout/2d-linFEM/build/Eigen-prefix/src/Eigen-build/CMakeFiles/CMakeTmp'
make[3]: *** [Makefile:127: cmTC_588d3/fast] Error 2
make[3]: Leaving directory '/cygdrive/c/Users/jonat/OneDrive/Documents/CMEA/project2_handout/2d-linFEM/build/Eigen-prefix/src/Eigen-build/CMakeFiles/CMakeTmp'


...and run output:

Return value: 1
Source file was:

#include <stdio.h>
#include <stdint.h>
#include <scotch.h>
int main(int argc, char **argv) {
  if (sizeof(SCOTCH_Num) == 4)
    return 0;
  else
    return 1;
}

Performing C SOURCE FILE Test SCOTCH_Num_8 failed with the following compile output:
Change Dir: /cygdrive/c/Users/jonat/OneDrive/Documents/CMEA/project2_handout/2d-linFEM/build/Eigen-prefix/src/Eigen-build/CMakeFiles/CMakeTmp

Run Build Command(s):/usr/bin/make.exe -f Makefile cmTC_f9666/fast && make[3]: Entering directory '/cygdrive/c/Users/jonat/OneDrive/Documents/CMEA/project2_handout/2d-linFEM/build/Eigen-prefix/src/Eigen-build/CMakeFiles/CMakeTmp'
/usr/bin/make  -f CMakeFiles/cmTC_f9666.dir/build.make CMakeFiles/cmTC_f9666.dir/build
make[4]: Entering directory '/cygdrive/c/Users/jonat/OneDrive/Documents/CMEA/project2_handout/2d-linFEM/build/Eigen-prefix/src/Eigen-build/CMakeFiles/CMakeTmp'
Building C object CMakeFiles/cmTC_f9666.dir/src.c.o
/usr/bin/cc -DSCOTCH_Num_8   -o CMakeFiles/cmTC_f9666.dir/src.c.o -c /cygdrive/c/Users/jonat/OneDrive/Documents/CMEA/project2_handout/2d-linFEM/build/Eigen-prefix/src/Eigen-build/CMakeFiles/CMakeTmp/src.c
/cygdrive/c/Users/jonat/OneDrive/Documents/CMEA/project2_handout/2d-linFEM/build/Eigen-prefix/src/Eigen-build/CMakeFiles/CMakeTmp/src.c:4:10: fatal error: scotch.h: No such file or directory
    4 | #include <scotch.h>
      |          ^~~~~~~~~~
compilation terminated.
make[4]: *** [CMakeFiles/cmTC_f9666.dir/build.make:78: CMakeFiles/cmTC_f9666.dir/src.c.o] Error 1
make[4]: Leaving directory '/cygdrive/c/Users/jonat/OneDrive/Documents/CMEA/project2_handout/2d-linFEM/build/Eigen-prefix/src/Eigen-build/CMakeFiles/CMakeTmp'
make[3]: *** [Makefile:127: cmTC_f9666/fast] Error 2
make[3]: Leaving directory '/cygdrive/c/Users/jonat/OneDrive/Documents/CMEA/project2_handout/2d-linFEM/build/Eigen-prefix/src/Eigen-build/CMakeFiles/CMakeTmp'


...and run output:

Return value: 1
Source file was:

#include <stdio.h>
#include <stdint.h>
#include <scotch.h>
int main(int argc, char **argv) {
  if (sizeof(SCOTCH_Num) == 8)
    return 0;
  else
    return 1;
}

The MPI test test_mpi for C in mode normal failed to compile with the following output:
Change Dir: /cygdrive/c/Users/jonat/OneDrive/Documents/CMEA/project2_handout/2d-linFEM/build/Eigen-prefix/src/Eigen-build/CMakeFiles/CMakeTmp

Run Build Command(s):/usr/bin/make.exe -f Makefile cmTC_23b51/fast && make[3]: Entering directory '/cygdrive/c/Users/jonat/OneDrive/Documents/CMEA/project2_handout/2d-linFEM/build/Eigen-prefix/src/Eigen-build/CMakeFiles/CMakeTmp'
/usr/bin/make  -f CMakeFiles/cmTC_23b51.dir/build.make CMakeFiles/cmTC_23b51.dir/build
make[4]: Entering directory '/cygdrive/c/Users/jonat/OneDrive/Documents/CMEA/project2_handout/2d-linFEM/build/Eigen-prefix/src/Eigen-build/CMakeFiles/CMakeTmp'
Building C object CMakeFiles/cmTC_23b51.dir/test_mpi.c.o
/usr/bin/cc    -o CMakeFiles/cmTC_23b51.dir/test_mpi.c.o -c /usr/share/cmake-3.20.0/Modules/FindMPI/test_mpi.c
/usr/share/cmake-3.20.0/Modules/FindMPI/test_mpi.c:1:10: fatal error: mpi.h: No such file or directory
    1 | #include <mpi.h>
      |          ^~~~~~~
compilation terminated.
make[4]: *** [CMakeFiles/cmTC_23b51.dir/build.make:78: CMakeFiles/cmTC_23b51.dir/test_mpi.c.o] Error 1
make[4]: Leaving directory '/cygdrive/c/Users/jonat/OneDrive/Documents/CMEA/project2_handout/2d-linFEM/build/Eigen-prefix/src/Eigen-build/CMakeFiles/CMakeTmp'
make[3]: *** [Makefile:127: cmTC_23b51/fast] Error 2
make[3]: Leaving directory '/cygdrive/c/Users/jonat/OneDrive/Documents/CMEA/project2_handout/2d-linFEM/build/Eigen-prefix/src/Eigen-build/CMakeFiles/CMakeTmp'



The MPI test test_mpi for CXX in mode normal failed to compile with the following output:
Change Dir: /cygdrive/c/Users/jonat/OneDrive/Documents/CMEA/project2_handout/2d-linFEM/build/Eigen-prefix/src/Eigen-build/CMakeFiles/CMakeTmp

Run Build Command(s):/usr/bin/make.exe -f Makefile cmTC_715ca/fast && make[3]: Entering directory '/cygdrive/c/Users/jonat/OneDrive/Documents/CMEA/project2_handout/2d-linFEM/build/Eigen-prefix/src/Eigen-build/CMakeFiles/CMakeTmp'
/usr/bin/make  -f CMakeFiles/cmTC_715ca.dir/build.make CMakeFiles/cmTC_715ca.dir/build
make[4]: Entering directory '/cygdrive/c/Users/jonat/OneDrive/Documents/CMEA/project2_handout/2d-linFEM/build/Eigen-prefix/src/Eigen-build/CMakeFiles/CMakeTmp'
Building CXX object CMakeFiles/cmTC_715ca.dir/test_mpi.cpp.o
/usr/bin/c++.exe   -std=c++03 -pedantic -Wall -Wextra -Wundef -Wcast-align -Wchar-subscripts -Wnon-virtual-dtor -Wunused-local-typedefs -Wpointer-arith -Wwrite-strings -Wformat-security -Wlogical-op -Wenum-conversion -Wdouble-promotion -Wno-psabi -Wno-variadic-macros -Wno-long-long -fno-check-new -fno-common -fstrict-aliasing -ansi  -o CMakeFiles/cmTC_715ca.dir/test_mpi.cpp.o -c /cygdrive/c/Users/jonat/OneDrive/Documents/CMEA/project2_handout/2d-linFEM/build/Eigen-prefix/src/Eigen-build/CMakeFiles/FindMPI/test_mpi.cpp
/cygdrive/c/Users/jonat/OneDrive/Documents/CMEA/project2_handout/2d-linFEM/build/Eigen-prefix/src/Eigen-build/CMakeFiles/FindMPI/test_mpi.cpp:1:10: fatal error: mpi.h: No such file or directory
    1 | #include <mpi.h>
      |          ^~~~~~~
compilation terminated.
make[4]: *** [CMakeFiles/cmTC_715ca.dir/build.make:78: CMakeFiles/cmTC_715ca.dir/test_mpi.cpp.o] Error 1
make[4]: Leaving directory '/cygdrive/c/Users/jonat/OneDrive/Documents/CMEA/project2_handout/2d-linFEM/build/Eigen-prefix/src/Eigen-build/CMakeFiles/CMakeTmp'
make[3]: *** [Makefile:127: cmTC_715ca/fast] Error 2
make[3]: Leaving directory '/cygdrive/c/Users/jonat/OneDrive/Documents/CMEA/project2_handout/2d-linFEM/build/Eigen-prefix/src/Eigen-build/CMakeFiles/CMakeTmp'



Performing C SOURCE FILE Test PTSCOTCH_Num_4 failed with the following compile output:
Change Dir: /cygdrive/c/Users/jonat/OneDrive/Documents/CMEA/project2_handout/2d-linFEM/build/Eigen-prefix/src/Eigen-build/CMakeFiles/CMakeTmp

Run Build Command(s):/usr/bin/make.exe -f Makefile cmTC_e5e17/fast && make[3]: Entering directory '/cygdrive/c/Users/jonat/OneDrive/Documents/CMEA/project2_handout/2d-linFEM/build/Eigen-prefix/src/Eigen-build/CMakeFiles/CMakeTmp'
/usr/bin/make  -f CMakeFiles/cmTC_e5e17.dir/build.make CMakeFiles/cmTC_e5e17.dir/build
make[4]: Entering directory '/cygdrive/c/Users/jonat/OneDrive/Documents/CMEA/project2_handout/2d-linFEM/build/Eigen-prefix/src/Eigen-build/CMakeFiles/CMakeTmp'
Building C object CMakeFiles/cmTC_e5e17.dir/src.c.o
/usr/bin/cc -DPTSCOTCH_Num_4   -o CMakeFiles/cmTC_e5e17.dir/src.c.o -c /cygdrive/c/Users/jonat/OneDrive/Documents/CMEA/project2_handout/2d-linFEM/build/Eigen-prefix/src/Eigen-build/CMakeFiles/CMakeTmp/src.c
/cygdrive/c/Users/jonat/OneDrive/Documents/CMEA/project2_handout/2d-linFEM/build/Eigen-prefix/src/Eigen-build/CMakeFiles/CMakeTmp/src.c:4:10: fatal error: ptscotch.h: No such file or directory
    4 | #include <ptscotch.h>
      |          ^~~~~~~~~~~~
compilation terminated.
make[4]: *** [CMakeFiles/cmTC_e5e17.dir/build.make:78: CMakeFiles/cmTC_e5e17.dir/src.c.o] Error 1
make[4]: Leaving directory '/cygdrive/c/Users/jonat/OneDrive/Documents/CMEA/project2_handout/2d-linFEM/build/Eigen-prefix/src/Eigen-build/CMakeFiles/CMakeTmp'
make[3]: *** [Makefile:127: cmTC_e5e17/fast] Error 2
make[3]: Leaving directory '/cygdrive/c/Users/jonat/OneDrive/Documents/CMEA/project2_handout/2d-linFEM/build/Eigen-prefix/src/Eigen-build/CMakeFiles/CMakeTmp'


...and run output:

Return value: 1
Source file was:

#include <stdio.h>
#include <stdint.h>
#include <ptscotch.h>
int main(int argc, char **argv) {
  if (sizeof(SCOTCH_Num) == 4)
    return 0;
  else
    return 1;
}

Performing C SOURCE FILE Test PTSCOTCH_Num_8 failed with the following compile output:
Change Dir: /cygdrive/c/Users/jonat/OneDrive/Documents/CMEA/project2_handout/2d-linFEM/build/Eigen-prefix/src/Eigen-build/CMakeFiles/CMakeTmp

Run Build Command(s):/usr/bin/make.exe -f Makefile cmTC_d2ec3/fast && make[3]: Entering directory '/cygdrive/c/Users/jonat/OneDrive/Documents/CMEA/project2_handout/2d-linFEM/build/Eigen-prefix/src/Eigen-build/CMakeFiles/CMakeTmp'
/usr/bin/make  -f CMakeFiles/cmTC_d2ec3.dir/build.make CMakeFiles/cmTC_d2ec3.dir/build
make[4]: Entering directory '/cygdrive/c/Users/jonat/OneDrive/Documents/CMEA/project2_handout/2d-linFEM/build/Eigen-prefix/src/Eigen-build/CMakeFiles/CMakeTmp'
Building C object CMakeFiles/cmTC_d2ec3.dir/src.c.o
/usr/bin/cc -DPTSCOTCH_Num_8   -o CMakeFiles/cmTC_d2ec3.dir/src.c.o -c /cygdrive/c/Users/jonat/OneDrive/Documents/CMEA/project2_handout/2d-linFEM/build/Eigen-prefix/src/Eigen-build/CMakeFiles/CMakeTmp/src.c
/cygdrive/c/Users/jonat/OneDrive/Documents/CMEA/project2_handout/2d-linFEM/build/Eigen-prefix/src/Eigen-build/CMakeFiles/CMakeTmp/src.c:4:10: fatal error: ptscotch.h: No such file or directory
    4 | #include <ptscotch.h>
      |          ^~~~~~~~~~~~
compilation terminated.
make[4]: *** [CMakeFiles/cmTC_d2ec3.dir/build.make:78: CMakeFiles/cmTC_d2ec3.dir/src.c.o] Error 1
make[4]: Leaving directory '/cygdrive/c/Users/jonat/OneDrive/Documents/CMEA/project2_handout/2d-linFEM/build/Eigen-prefix/src/Eigen-build/CMakeFiles/CMakeTmp'
make[3]: *** [Makefile:127: cmTC_d2ec3/fast] Error 2
make[3]: Leaving directory '/cygdrive/c/Users/jonat/OneDrive/Documents/CMEA/project2_handout/2d-linFEM/build/Eigen-prefix/src/Eigen-build/CMakeFiles/CMakeTmp'


...and run output:

Return value: 1
Source file was:

#include <stdio.h>
#include <stdint.h>
#include <ptscotch.h>
int main(int argc, char **argv) {
  if (sizeof(SCOTCH_Num) == 8)
    return 0;
  else
    return 1;
}

The MPI test test_mpi for C in mode normal failed to compile with the following output:
Change Dir: /cygdrive/c/Users/jonat/OneDrive/Documents/CMEA/project2_handout/2d-linFEM/build/Eigen-prefix/src/Eigen-build/CMakeFiles/CMakeTmp

Run Build Command(s):/usr/bin/make.exe -f Makefile cmTC_77c9c/fast && make[3]: Entering directory '/cygdrive/c/Users/jonat/OneDrive/Documents/CMEA/project2_handout/2d-linFEM/build/Eigen-prefix/src/Eigen-build/CMakeFiles/CMakeTmp'
/usr/bin/make  -f CMakeFiles/cmTC_77c9c.dir/build.make CMakeFiles/cmTC_77c9c.dir/build
make[4]: Entering directory '/cygdrive/c/Users/jonat/OneDrive/Documents/CMEA/project2_handout/2d-linFEM/build/Eigen-prefix/src/Eigen-build/CMakeFiles/CMakeTmp'
Building C object CMakeFiles/cmTC_77c9c.dir/test_mpi.c.o
/usr/bin/cc    -o CMakeFiles/cmTC_77c9c.dir/test_mpi.c.o -c /usr/share/cmake-3.20.0/Modules/FindMPI/test_mpi.c
/usr/share/cmake-3.20.0/Modules/FindMPI/test_mpi.c:1:10: fatal error: mpi.h: No such file or directory
    1 | #include <mpi.h>
      |          ^~~~~~~
compilation terminated.
make[4]: *** [CMakeFiles/cmTC_77c9c.dir/build.make:78: CMakeFiles/cmTC_77c9c.dir/test_mpi.c.o] Error 1
make[4]: Leaving directory '/cygdrive/c/Users/jonat/OneDrive/Documents/CMEA/project2_handout/2d-linFEM/build/Eigen-prefix/src/Eigen-build/CMakeFiles/CMakeTmp'
make[3]: *** [Makefile:127: cmTC_77c9c/fast] Error 2
make[3]: Leaving directory '/cygdrive/c/Users/jonat/OneDrive/Documents/CMEA/project2_handout/2d-linFEM/build/Eigen-prefix/src/Eigen-build/CMakeFiles/CMakeTmp'



The MPI test test_mpi for CXX in mode normal failed to compile with the following output:
Change Dir: /cygdrive/c/Users/jonat/OneDrive/Documents/CMEA/project2_handout/2d-linFEM/build/Eigen-prefix/src/Eigen-build/CMakeFiles/CMakeTmp

Run Build Command(s):/usr/bin/make.exe -f Makefile cmTC_9ff7c/fast && make[3]: Entering directory '/cygdrive/c/Users/jonat/OneDrive/Documents/CMEA/project2_handout/2d-linFEM/build/Eigen-prefix/src/Eigen-build/CMakeFiles/CMakeTmp'
/usr/bin/make  -f CMakeFiles/cmTC_9ff7c.dir/build.make CMakeFiles/cmTC_9ff7c.dir/build
make[4]: Entering directory '/cygdrive/c/Users/jonat/OneDrive/Documents/CMEA/project2_handout/2d-linFEM/build/Eigen-prefix/src/Eigen-build/CMakeFiles/CMakeTmp'
Building CXX object CMakeFiles/cmTC_9ff7c.dir/test_mpi.cpp.o
/usr/bin/c++.exe   -std=c++03 -pedantic -Wall -Wextra -Wundef -Wcast-align -Wchar-subscripts -Wnon-virtual-dtor -Wunused-local-typedefs -Wpointer-arith -Wwrite-strings -Wformat-security -Wlogical-op -Wenum-conversion -Wdouble-promotion -Wno-psabi -Wno-variadic-macros -Wno-long-long -fno-check-new -fno-common -fstrict-aliasing -ansi  -o CMakeFiles/cmTC_9ff7c.dir/test_mpi.cpp.o -c /cygdrive/c/Users/jonat/OneDrive/Documents/CMEA/project2_handout/2d-linFEM/build/Eigen-prefix/src/Eigen-build/CMakeFiles/FindMPI/test_mpi.cpp
/cygdrive/c/Users/jonat/OneDrive/Documents/CMEA/project2_handout/2d-linFEM/build/Eigen-prefix/src/Eigen-build/CMakeFiles/FindMPI/test_mpi.cpp:1:10: fatal error: mpi.h: No such file or directory
    1 | #include <mpi.h>
      |          ^~~~~~~
compilation terminated.
make[4]: *** [CMakeFiles/cmTC_9ff7c.dir/build.make:78: CMakeFiles/cmTC_9ff7c.dir/test_mpi.cpp.o] Error 1
make[4]: Leaving directory '/cygdrive/c/Users/jonat/OneDrive/Documents/CMEA/project2_handout/2d-linFEM/build/Eigen-prefix/src/Eigen-build/CMakeFiles/CMakeTmp'
make[3]: *** [Makefile:127: cmTC_9ff7c/fast] Error 2
make[3]: Leaving directory '/cygdrive/c/Users/jonat/OneDrive/Documents/CMEA/project2_handout/2d-linFEM/build/Eigen-prefix/src/Eigen-build/CMakeFiles/CMakeTmp'



The MPI test test_mpi for C in mode normal failed to compile with the following output:
Change Dir: /cygdrive/c/Users/jonat/OneDrive/Documents/CMEA/project2_handout/2d-linFEM/build/Eigen-prefix/src/Eigen-build/CMakeFiles/CMakeTmp

Run Build Command(s):/usr/bin/make.exe -f Makefile cmTC_5bc76/fast && make[3]: Entering directory '/cygdrive/c/Users/jonat/OneDrive/Documents/CMEA/project2_handout/2d-linFEM/build/Eigen-prefix/src/Eigen-build/CMakeFiles/CMakeTmp'
/usr/bin/make  -f CMakeFiles/cmTC_5bc76.dir/build.make CMakeFiles/cmTC_5bc76.dir/build
make[4]: Entering directory '/cygdrive/c/Users/jonat/OneDrive/Documents/CMEA/project2_handout/2d-linFEM/build/Eigen-prefix/src/Eigen-build/CMakeFiles/CMakeTmp'
Building C object CMakeFiles/cmTC_5bc76.dir/test_mpi.c.o
/usr/bin/cc    -o CMakeFiles/cmTC_5bc76.dir/test_mpi.c.o -c /usr/share/cmake-3.20.0/Modules/FindMPI/test_mpi.c
/usr/share/cmake-3.20.0/Modules/FindMPI/test_mpi.c:1:10: fatal error: mpi.h: No such file or directory
    1 | #include <mpi.h>
      |          ^~~~~~~
compilation terminated.
make[4]: *** [CMakeFiles/cmTC_5bc76.dir/build.make:78: CMakeFiles/cmTC_5bc76.dir/test_mpi.c.o] Error 1
make[4]: Leaving directory '/cygdrive/c/Users/jonat/OneDrive/Documents/CMEA/project2_handout/2d-linFEM/build/Eigen-prefix/src/Eigen-build/CMakeFiles/CMakeTmp'
make[3]: *** [Makefile:127: cmTC_5bc76/fast] Error 2
make[3]: Leaving directory '/cygdrive/c/Users/jonat/OneDrive/Documents/CMEA/project2_handout/2d-linFEM/build/Eigen-prefix/src/Eigen-build/CMakeFiles/CMakeTmp'



The MPI test test_mpi for CXX in mode normal failed to compile with the following output:
Change Dir: /cygdrive/c/Users/jonat/OneDrive/Documents/CMEA/project2_handout/2d-linFEM/build/Eigen-prefix/src/Eigen-build/CMakeFiles/CMakeTmp

Run Build Command(s):/usr/bin/make.exe -f Makefile cmTC_badff/fast && make[3]: Entering directory '/cygdrive/c/Users/jonat/OneDrive/Documents/CMEA/project2_handout/2d-linFEM/build/Eigen-prefix/src/Eigen-build/CMakeFiles/CMakeTmp'
/usr/bin/make  -f CMakeFiles/cmTC_badff.dir/build.make CMakeFiles/cmTC_badff.dir/build
make[4]: Entering directory '/cygdrive/c/Users/jonat/OneDrive/Documents/CMEA/project2_handout/2d-linFEM/build/Eigen-prefix/src/Eigen-build/CMakeFiles/CMakeTmp'
Building CXX object CMakeFiles/cmTC_badff.dir/test_mpi.cpp.o
/usr/bin/c++.exe   -std=c++03 -pedantic -Wall -Wextra -Wundef -Wcast-align -Wchar-subscripts -Wnon-virtual-dtor -Wunused-local-typedefs -Wpointer-arith -Wwrite-strings -Wformat-security -Wlogical-op -Wenum-conversion -Wdouble-promotion -Wno-psabi -Wno-variadic-macros -Wno-long-long -fno-check-new -fno-common -fstrict-aliasing -ansi  -o CMakeFiles/cmTC_badff.dir/test_mpi.cpp.o -c /cygdrive/c/Users/jonat/OneDrive/Documents/CMEA/project2_handout/2d-linFEM/build/Eigen-prefix/src/Eigen-build/CMakeFiles/FindMPI/test_mpi.cpp
/cygdrive/c/Users/jonat/OneDrive/Documents/CMEA/project2_handout/2d-linFEM/build/Eigen-prefix/src/Eigen-build/CMakeFiles/FindMPI/test_mpi.cpp:1:10: fatal error: mpi.h: No such file or directory
    1 | #include <mpi.h>
      |          ^~~~~~~
compilation terminated.
make[4]: *** [CMakeFiles/cmTC_badff.dir/build.make:78: CMakeFiles/cmTC_badff.dir/test_mpi.cpp.o] Error 1
make[4]: Leaving directory '/cygdrive/c/Users/jonat/OneDrive/Documents/CMEA/project2_handout/2d-linFEM/build/Eigen-prefix/src/Eigen-build/CMakeFiles/CMakeTmp'
make[3]: *** [Makefile:127: cmTC_badff/fast] Error 2
make[3]: Leaving directory '/cygdrive/c/Users/jonat/OneDrive/Documents/CMEA/project2_handout/2d-linFEM/build/Eigen-prefix/src/Eigen-build/CMakeFiles/CMakeTmp'



