Performing C++ SOURCE FILE Test COMPILER_SUPPORT_Wshorten64to32 failed with the following output:
Change Dir: /cygdrive/c/Users/jonat/OneDrive/Documents/CMEA/project2_handout/heat-eqn-1d-variable-coeff/build/EigenDownload-prefix/src/EigenDownload-build/CMakeFiles/CMakeTmp

Run Build Command(s):/usr/bin/make.exe -f Makefile cmTC_6a335/fast && make[3]: Entering directory '/cygdrive/c/Users/jonat/OneDrive/Documents/CMEA/project2_handout/heat-eqn-1d-variable-coeff/build/EigenDownload-prefix/src/EigenDownload-build/CMakeFiles/CMakeTmp'
/usr/bin/make  -f CMakeFiles/cmTC_6a335.dir/build.make CMakeFiles/cmTC_6a335.dir/build
make[4]: Entering directory '/cygdrive/c/Users/jonat/OneDrive/Documents/CMEA/project2_handout/heat-eqn-1d-variable-coeff/build/EigenDownload-prefix/src/EigenDownload-build/CMakeFiles/CMakeTmp'
Building CXX object CMakeFiles/cmTC_6a335.dir/src.cxx.o
/usr/bin/c++.exe -DCOMPILER_SUPPORT_Wshorten64to32  -std=c++03 -pedantic -Wall -Wextra -Wundef -Wcast-align -Wchar-subscripts -Wnon-virtual-dtor -Wunused-local-typedefs -Wpointer-arith -Wwrite-strings -Wformat-security -Werror   -Wshorten-64-to-32 -o CMakeFiles/cmTC_6a335.dir/src.cxx.o -c /cygdrive/c/Users/jonat/OneDrive/Documents/CMEA/project2_handout/heat-eqn-1d-variable-coeff/build/EigenDownload-prefix/src/EigenDownload-build/CMakeFiles/CMakeTmp/src.cxx
c++: error: unrecognized command-line option '-Wshorten-64-to-32'
make[4]: *** [CMakeFiles/cmTC_6a335.dir/build.make:78: CMakeFiles/cmTC_6a335.dir/src.cxx.o] Error 1
make[4]: Leaving directory '/cygdrive/c/Users/jonat/OneDrive/Documents/CMEA/project2_handout/heat-eqn-1d-variable-coeff/build/EigenDownload-prefix/src/EigenDownload-build/CMakeFiles/CMakeTmp'
make[3]: *** [Makefile:127: cmTC_6a335/fast] Error 2
make[3]: Leaving directory '/cygdrive/c/Users/jonat/OneDrive/Documents/CMEA/project2_handout/heat-eqn-1d-variable-coeff/build/EigenDownload-prefix/src/EigenDownload-build/CMakeFiles/CMakeTmp'


Source file was:
int main() { return 0; }
Performing C++ SOURCE FILE Test COMPILER_SUPPORT_Wcpp11extensions failed with the following output:
Change Dir: /cygdrive/c/Users/jonat/OneDrive/Documents/CMEA/project2_handout/heat-eqn-1d-variable-coeff/build/EigenDownload-prefix/src/EigenDownload-build/CMakeFiles/CMakeTmp

Run Build Command(s):/usr/bin/make.exe -f Makefile cmTC_723ab/fast && make[3]: Entering directory '/cygdrive/c/Users/jonat/OneDrive/Documents/CMEA/project2_handout/heat-eqn-1d-variable-coeff/build/EigenDownload-prefix/src/EigenDownload-build/CMakeFiles/CMakeTmp'
/usr/bin/make  -f CMakeFiles/cmTC_723ab.dir/build.make CMakeFiles/cmTC_723ab.dir/build
make[4]: Entering directory '/cygdrive/c/Users/jonat/OneDrive/Documents/CMEA/project2_handout/heat-eqn-1d-variable-coeff/build/EigenDownload-prefix/src/EigenDownload-build/CMakeFiles/CMakeTmp'
Building CXX object CMakeFiles/cmTC_723ab.dir/src.cxx.o
/usr/bin/c++.exe -DCOMPILER_SUPPORT_Wcpp11extensions  -std=c++03 -pedantic -Wall -Wextra -Wundef -Wcast-align -Wchar-subscripts -Wnon-virtual-dtor -Wunused-local-typedefs -Wpointer-arith -Wwrite-strings -Wformat-security -Wlogical-op -Wenum-conversion -Werror   -Wc++11-extensions -o CMakeFiles/cmTC_723ab.dir/src.cxx.o -c /cygdrive/c/Users/jonat/OneDrive/Documents/CMEA/project2_handout/heat-eqn-1d-variable-coeff/build/EigenDownload-prefix/src/EigenDownload-build/CMakeFiles/CMakeTmp/src.cxx
c++: error: unrecognized command-line option '-Wc++11-extensions'; did you mean '-fms-extensions'?
make[4]: *** [CMakeFiles/cmTC_723ab.dir/build.make:78: CMakeFiles/cmTC_723ab.dir/src.cxx.o] Error 1
make[4]: Leaving directory '/cygdrive/c/Users/jonat/OneDrive/Documents/CMEA/project2_handout/heat-eqn-1d-variable-coeff/build/EigenDownload-prefix/src/EigenDownload-build/CMakeFiles/CMakeTmp'
make[3]: *** [Makefile:127: cmTC_723ab/fast] Error 2
make[3]: Leaving directory '/cygdrive/c/Users/jonat/OneDrive/Documents/CMEA/project2_handout/heat-eqn-1d-variable-coeff/build/EigenDownload-prefix/src/EigenDownload-build/CMakeFiles/CMakeTmp'


Source file was:
int main() { return 0; }
Performing C++ SOURCE FILE Test COMPILER_SUPPORT_wd981 failed with the following output:
Change Dir: /cygdrive/c/Users/jonat/OneDrive/Documents/CMEA/project2_handout/heat-eqn-1d-variable-coeff/build/EigenDownload-prefix/src/EigenDownload-build/CMakeFiles/CMakeTmp

Run Build Command(s):/usr/bin/make.exe -f Makefile cmTC_753cf/fast && make[3]: Entering directory '/cygdrive/c/Users/jonat/OneDrive/Documents/CMEA/project2_handout/heat-eqn-1d-variable-coeff/build/EigenDownload-prefix/src/EigenDownload-build/CMakeFiles/CMakeTmp'
/usr/bin/make  -f CMakeFiles/cmTC_753cf.dir/build.make CMakeFiles/cmTC_753cf.dir/build
make[4]: Entering directory '/cygdrive/c/Users/jonat/OneDrive/Documents/CMEA/project2_handout/heat-eqn-1d-variable-coeff/build/EigenDownload-prefix/src/EigenDownload-build/CMakeFiles/CMakeTmp'
Building CXX object CMakeFiles/cmTC_753cf.dir/src.cxx.o
/usr/bin/c++.exe -DCOMPILER_SUPPORT_wd981  -std=c++03 -pedantic -Wall -Wextra -Wundef -Wcast-align -Wchar-subscripts -Wnon-virtual-dtor -Wunused-local-typedefs -Wpointer-arith -Wwrite-strings -Wformat-security -Wlogical-op -Wenum-conversion -Wdouble-promotion -Wno-psabi -Wno-variadic-macros -Wno-long-long -fno-check-new -fno-common -fstrict-aliasing -Werror   -wd981 -o CMakeFiles/cmTC_753cf.dir/src.cxx.o -c /cygdrive/c/Users/jonat/OneDrive/Documents/CMEA/project2_handout/heat-eqn-1d-variable-coeff/build/EigenDownload-prefix/src/EigenDownload-build/CMakeFiles/CMakeTmp/src.cxx
c++: error: unrecognized command-line option '-wd981'
make[4]: *** [CMakeFiles/cmTC_753cf.dir/build.make:78: CMakeFiles/cmTC_753cf.dir/src.cxx.o] Error 1
make[4]: Leaving directory '/cygdrive/c/Users/jonat/OneDrive/Documents/CMEA/project2_handout/heat-eqn-1d-variable-coeff/build/EigenDownload-prefix/src/EigenDownload-build/CMakeFiles/CMakeTmp'
make[3]: *** [Makefile:127: cmTC_753cf/fast] Error 2
make[3]: Leaving directory '/cygdrive/c/Users/jonat/OneDrive/Documents/CMEA/project2_handout/heat-eqn-1d-variable-coeff/build/EigenDownload-prefix/src/EigenDownload-build/CMakeFiles/CMakeTmp'


Source file was:
int main() { return 0; }
Performing C++ SOURCE FILE Test COMPILER_SUPPORT_wd2304 failed with the following output:
Change Dir: /cygdrive/c/Users/jonat/OneDrive/Documents/CMEA/project2_handout/heat-eqn-1d-variable-coeff/build/EigenDownload-prefix/src/EigenDownload-build/CMakeFiles/CMakeTmp

Run Build Command(s):/usr/bin/make.exe -f Makefile cmTC_80c54/fast && make[3]: Entering directory '/cygdrive/c/Users/jonat/OneDrive/Documents/CMEA/project2_handout/heat-eqn-1d-variable-coeff/build/EigenDownload-prefix/src/EigenDownload-build/CMakeFiles/CMakeTmp'
/usr/bin/make  -f CMakeFiles/cmTC_80c54.dir/build.make CMakeFiles/cmTC_80c54.dir/build
make[4]: Entering directory '/cygdrive/c/Users/jonat/OneDrive/Documents/CMEA/project2_handout/heat-eqn-1d-variable-coeff/build/EigenDownload-prefix/src/EigenDownload-build/CMakeFiles/CMakeTmp'
Building CXX object CMakeFiles/cmTC_80c54.dir/src.cxx.o
/usr/bin/c++.exe -DCOMPILER_SUPPORT_wd2304  -std=c++03 -pedantic -Wall -Wextra -Wundef -Wcast-align -Wchar-subscripts -Wnon-virtual-dtor -Wunused-local-typedefs -Wpointer-arith -Wwrite-strings -Wformat-security -Wlogical-op -Wenum-conversion -Wdouble-promotion -Wno-psabi -Wno-variadic-macros -Wno-long-long -fno-check-new -fno-common -fstrict-aliasing -Werror   -wd2304 -o CMakeFiles/cmTC_80c54.dir/src.cxx.o -c /cygdrive/c/Users/jonat/OneDrive/Documents/CMEA/project2_handout/heat-eqn-1d-variable-coeff/build/EigenDownload-prefix/src/EigenDownload-build/CMakeFiles/CMakeTmp/src.cxx
c++: error: unrecognized command-line option '-wd2304'
make[4]: *** [CMakeFiles/cmTC_80c54.dir/build.make:78: CMakeFiles/cmTC_80c54.dir/src.cxx.o] Error 1
make[4]: Leaving directory '/cygdrive/c/Users/jonat/OneDrive/Documents/CMEA/project2_handout/heat-eqn-1d-variable-coeff/build/EigenDownload-prefix/src/EigenDownload-build/CMakeFiles/CMakeTmp'
make[3]: *** [Makefile:127: cmTC_80c54/fast] Error 2
make[3]: Leaving directory '/cygdrive/c/Users/jonat/OneDrive/Documents/CMEA/project2_handout/heat-eqn-1d-variable-coeff/build/EigenDownload-prefix/src/EigenDownload-build/CMakeFiles/CMakeTmp'


Source file was:
int main() { return 0; }
Performing C++ SOURCE FILE Test COMPILER_SUPPORT_STRICTANSI failed with the following output:
Change Dir: /cygdrive/c/Users/jonat/OneDrive/Documents/CMEA/project2_handout/heat-eqn-1d-variable-coeff/build/EigenDownload-prefix/src/EigenDownload-build/CMakeFiles/CMakeTmp

Run Build Command(s):/usr/bin/make.exe -f Makefile cmTC_b6afd/fast && make[3]: Entering directory '/cygdrive/c/Users/jonat/OneDrive/Documents/CMEA/project2_handout/heat-eqn-1d-variable-coeff/build/EigenDownload-prefix/src/EigenDownload-build/CMakeFiles/CMakeTmp'
/usr/bin/make  -f CMakeFiles/cmTC_b6afd.dir/build.make CMakeFiles/cmTC_b6afd.dir/build
make[4]: Entering directory '/cygdrive/c/Users/jonat/OneDrive/Documents/CMEA/project2_handout/heat-eqn-1d-variable-coeff/build/EigenDownload-prefix/src/EigenDownload-build/CMakeFiles/CMakeTmp'
Building CXX object CMakeFiles/cmTC_b6afd.dir/src.cxx.o
/usr/bin/c++.exe -DCOMPILER_SUPPORT_STRICTANSI  -std=c++03 -pedantic -Wall -Wextra -Wundef -Wcast-align -Wchar-subscripts -Wnon-virtual-dtor -Wunused-local-typedefs -Wpointer-arith -Wwrite-strings -Wformat-security -Wlogical-op -Wenum-conversion -Wdouble-promotion -Wno-psabi -Wno-variadic-macros -Wno-long-long -fno-check-new -fno-common -fstrict-aliasing -Werror   -strict-ansi -o CMakeFiles/cmTC_b6afd.dir/src.cxx.o -c /cygdrive/c/Users/jonat/OneDrive/Documents/CMEA/project2_handout/heat-eqn-1d-variable-coeff/build/EigenDownload-prefix/src/EigenDownload-build/CMakeFiles/CMakeTmp/src.cxx
c++: error: unrecognized command-line option '-strict-ansi'; did you mean '-fstrict-enums'?
make[4]: *** [CMakeFiles/cmTC_b6afd.dir/build.make:78: CMakeFiles/cmTC_b6afd.dir/src.cxx.o] Error 1
make[4]: Leaving directory '/cygdrive/c/Users/jonat/OneDrive/Documents/CMEA/project2_handout/heat-eqn-1d-variable-coeff/build/EigenDownload-prefix/src/EigenDownload-build/CMakeFiles/CMakeTmp'
make[3]: *** [Makefile:127: cmTC_b6afd/fast] Error 2
make[3]: Leaving directory '/cygdrive/c/Users/jonat/OneDrive/Documents/CMEA/project2_handout/heat-eqn-1d-variable-coeff/build/EigenDownload-prefix/src/EigenDownload-build/CMakeFiles/CMakeTmp'


Source file was:
int main() { return 0; }
Performing C++ SOURCE FILE Test COMPILER_SUPPORT_Qunusedarguments failed with the following output:
Change Dir: /cygdrive/c/Users/jonat/OneDrive/Documents/CMEA/project2_handout/heat-eqn-1d-variable-coeff/build/EigenDownload-prefix/src/EigenDownload-build/CMakeFiles/CMakeTmp

Run Build Command(s):/usr/bin/make.exe -f Makefile cmTC_3d4d8/fast && make[3]: Entering directory '/cygdrive/c/Users/jonat/OneDrive/Documents/CMEA/project2_handout/heat-eqn-1d-variable-coeff/build/EigenDownload-prefix/src/EigenDownload-build/CMakeFiles/CMakeTmp'
/usr/bin/make  -f CMakeFiles/cmTC_3d4d8.dir/build.make CMakeFiles/cmTC_3d4d8.dir/build
make[4]: Entering directory '/cygdrive/c/Users/jonat/OneDrive/Documents/CMEA/project2_handout/heat-eqn-1d-variable-coeff/build/EigenDownload-prefix/src/EigenDownload-build/CMakeFiles/CMakeTmp'
Building CXX object CMakeFiles/cmTC_3d4d8.dir/src.cxx.o
/usr/bin/c++.exe -DCOMPILER_SUPPORT_Qunusedarguments  -std=c++03 -pedantic -Wall -Wextra -Wundef -Wcast-align -Wchar-subscripts -Wnon-virtual-dtor -Wunused-local-typedefs -Wpointer-arith -Wwrite-strings -Wformat-security -Wlogical-op -Wenum-conversion -Wdouble-promotion -Wno-psabi -Wno-variadic-macros -Wno-long-long -fno-check-new -fno-common -fstrict-aliasing -Werror   -Qunused-arguments -o CMakeFiles/cmTC_3d4d8.dir/src.cxx.o -c /cygdrive/c/Users/jonat/OneDrive/Documents/CMEA/project2_handout/heat-eqn-1d-variable-coeff/build/EigenDownload-prefix/src/EigenDownload-build/CMakeFiles/CMakeTmp/src.cxx
c++: error: unrecognized command-line option '-Qunused-arguments'
make[4]: *** [CMakeFiles/cmTC_3d4d8.dir/build.make:78: CMakeFiles/cmTC_3d4d8.dir/src.cxx.o] Error 1
make[4]: Leaving directory '/cygdrive/c/Users/jonat/OneDrive/Documents/CMEA/project2_handout/heat-eqn-1d-variable-coeff/build/EigenDownload-prefix/src/EigenDownload-build/CMakeFiles/CMakeTmp'
make[3]: *** [Makefile:127: cmTC_3d4d8/fast] Error 2
make[3]: Leaving directory '/cygdrive/c/Users/jonat/OneDrive/Documents/CMEA/project2_handout/heat-eqn-1d-variable-coeff/build/EigenDownload-prefix/src/EigenDownload-build/CMakeFiles/CMakeTmp'


Source file was:
int main() { return 0; }
The MPI test test_mpi for C in mode normal failed to compile with the following output:
Change Dir: /cygdrive/c/Users/jonat/OneDrive/Documents/CMEA/project2_handout/heat-eqn-1d-variable-coeff/build/EigenDownload-prefix/src/EigenDownload-build/CMakeFiles/CMakeTmp

Run Build Command(s):/usr/bin/make.exe -f Makefile cmTC_3fcc4/fast && make[3]: Verzeichnis „/cygdrive/c/Users/jonat/OneDrive/Documents/CMEA/project2_handout/heat-eqn-1d-variable-coeff/build/EigenDownload-prefix/src/EigenDownload-build/CMakeFiles/CMakeTmp“ wird betreten
/usr/bin/make  -f CMakeFiles/cmTC_3fcc4.dir/build.make CMakeFiles/cmTC_3fcc4.dir/build
make[4]: Verzeichnis „/cygdrive/c/Users/jonat/OneDrive/Documents/CMEA/project2_handout/heat-eqn-1d-variable-coeff/build/EigenDownload-prefix/src/EigenDownload-build/CMakeFiles/CMakeTmp“ wird betreten
Building C object CMakeFiles/cmTC_3fcc4.dir/test_mpi.c.o
/usr/bin/cc    -o CMakeFiles/cmTC_3fcc4.dir/test_mpi.c.o -c /usr/share/cmake-3.20.0/Modules/FindMPI/test_mpi.c
/usr/share/cmake-3.20.0/Modules/FindMPI/test_mpi.c:1:10: schwerwiegender Fehler: mpi.h: No such file or directory
    1 | #include <mpi.h>
      |          ^~~~~~~
Kompilierung beendet.
make[4]: *** [CMakeFiles/cmTC_3fcc4.dir/build.make:78: CMakeFiles/cmTC_3fcc4.dir/test_mpi.c.o] Fehler 1
make[4]: Verzeichnis „/cygdrive/c/Users/jonat/OneDrive/Documents/CMEA/project2_handout/heat-eqn-1d-variable-coeff/build/EigenDownload-prefix/src/EigenDownload-build/CMakeFiles/CMakeTmp“ wird verlassen
make[3]: *** [Makefile:127: cmTC_3fcc4/fast] Fehler 2
make[3]: Verzeichnis „/cygdrive/c/Users/jonat/OneDrive/Documents/CMEA/project2_handout/heat-eqn-1d-variable-coeff/build/EigenDownload-prefix/src/EigenDownload-build/CMakeFiles/CMakeTmp“ wird verlassen



The MPI test test_mpi for CXX in mode normal failed to compile with the following output:
Change Dir: /cygdrive/c/Users/jonat/OneDrive/Documents/CMEA/project2_handout/heat-eqn-1d-variable-coeff/build/EigenDownload-prefix/src/EigenDownload-build/CMakeFiles/CMakeTmp

Run Build Command(s):/usr/bin/make.exe -f Makefile cmTC_2a6a6/fast && make[3]: Verzeichnis „/cygdrive/c/Users/jonat/OneDrive/Documents/CMEA/project2_handout/heat-eqn-1d-variable-coeff/build/EigenDownload-prefix/src/EigenDownload-build/CMakeFiles/CMakeTmp“ wird betreten
/usr/bin/make  -f CMakeFiles/cmTC_2a6a6.dir/build.make CMakeFiles/cmTC_2a6a6.dir/build
make[4]: Verzeichnis „/cygdrive/c/Users/jonat/OneDrive/Documents/CMEA/project2_handout/heat-eqn-1d-variable-coeff/build/EigenDownload-prefix/src/EigenDownload-build/CMakeFiles/CMakeTmp“ wird betreten
Building CXX object CMakeFiles/cmTC_2a6a6.dir/test_mpi.cpp.o
/usr/bin/c++.exe   -std=c++03 -pedantic -Wall -Wextra -Wundef -Wcast-align -Wchar-subscripts -Wnon-virtual-dtor -Wunused-local-typedefs -Wpointer-arith -Wwrite-strings -Wformat-security -Wlogical-op -Wenum-conversion -Wdouble-promotion -Wno-psabi -Wno-variadic-macros -Wno-long-long -fno-check-new -fno-common -fstrict-aliasing -ansi  -o CMakeFiles/cmTC_2a6a6.dir/test_mpi.cpp.o -c /cygdrive/c/Users/jonat/OneDrive/Documents/CMEA/project2_handout/heat-eqn-1d-variable-coeff/build/EigenDownload-prefix/src/EigenDownload-build/CMakeFiles/FindMPI/test_mpi.cpp
/cygdrive/c/Users/jonat/OneDrive/Documents/CMEA/project2_handout/heat-eqn-1d-variable-coeff/build/EigenDownload-prefix/src/EigenDownload-build/CMakeFiles/FindMPI/test_mpi.cpp:1:10: schwerwiegender Fehler: mpi.h: No such file or directory
    1 | #include <mpi.h>
      |          ^~~~~~~
Kompilierung beendet.
make[4]: *** [CMakeFiles/cmTC_2a6a6.dir/build.make:78: CMakeFiles/cmTC_2a6a6.dir/test_mpi.cpp.o] Fehler 1
make[4]: Verzeichnis „/cygdrive/c/Users/jonat/OneDrive/Documents/CMEA/project2_handout/heat-eqn-1d-variable-coeff/build/EigenDownload-prefix/src/EigenDownload-build/CMakeFiles/CMakeTmp“ wird verlassen
make[3]: *** [Makefile:127: cmTC_2a6a6/fast] Fehler 2
make[3]: Verzeichnis „/cygdrive/c/Users/jonat/OneDrive/Documents/CMEA/project2_handout/heat-eqn-1d-variable-coeff/build/EigenDownload-prefix/src/EigenDownload-build/CMakeFiles/CMakeTmp“ wird verlassen



Performing C SOURCE FILE Test SCOTCH_Num_4 failed with the following compile output:
Change Dir: /cygdrive/c/Users/jonat/OneDrive/Documents/CMEA/project2_handout/heat-eqn-1d-variable-coeff/build/EigenDownload-prefix/src/EigenDownload-build/CMakeFiles/CMakeTmp

Run Build Command(s):/usr/bin/make.exe -f Makefile cmTC_f88da/fast && make[3]: Verzeichnis „/cygdrive/c/Users/jonat/OneDrive/Documents/CMEA/project2_handout/heat-eqn-1d-variable-coeff/build/EigenDownload-prefix/src/EigenDownload-build/CMakeFiles/CMakeTmp“ wird betreten
/usr/bin/make  -f CMakeFiles/cmTC_f88da.dir/build.make CMakeFiles/cmTC_f88da.dir/build
make[4]: Verzeichnis „/cygdrive/c/Users/jonat/OneDrive/Documents/CMEA/project2_handout/heat-eqn-1d-variable-coeff/build/EigenDownload-prefix/src/EigenDownload-build/CMakeFiles/CMakeTmp“ wird betreten
Building C object CMakeFiles/cmTC_f88da.dir/src.c.o
/usr/bin/cc -DSCOTCH_Num_4   -o CMakeFiles/cmTC_f88da.dir/src.c.o -c /cygdrive/c/Users/jonat/OneDrive/Documents/CMEA/project2_handout/heat-eqn-1d-variable-coeff/build/EigenDownload-prefix/src/EigenDownload-build/CMakeFiles/CMakeTmp/src.c
/cygdrive/c/Users/jonat/OneDrive/Documents/CMEA/project2_handout/heat-eqn-1d-variable-coeff/build/EigenDownload-prefix/src/EigenDownload-build/CMakeFiles/CMakeTmp/src.c:4:10: schwerwiegender Fehler: scotch.h: No such file or directory
    4 | #include <scotch.h>
      |          ^~~~~~~~~~
Kompilierung beendet.
make[4]: *** [CMakeFiles/cmTC_f88da.dir/build.make:78: CMakeFiles/cmTC_f88da.dir/src.c.o] Fehler 1
make[4]: Verzeichnis „/cygdrive/c/Users/jonat/OneDrive/Documents/CMEA/project2_handout/heat-eqn-1d-variable-coeff/build/EigenDownload-prefix/src/EigenDownload-build/CMakeFiles/CMakeTmp“ wird verlassen
make[3]: *** [Makefile:127: cmTC_f88da/fast] Fehler 2
make[3]: Verzeichnis „/cygdrive/c/Users/jonat/OneDrive/Documents/CMEA/project2_handout/heat-eqn-1d-variable-coeff/build/EigenDownload-prefix/src/EigenDownload-build/CMakeFiles/CMakeTmp“ wird verlassen


...and run output:

Return value: 1
Source file was:

#include <stdio.h>
#include <stdint.h>
#include <scotch.h>
int main(int argc, char **argv) {
  if (sizeof(SCOTCH_Num) == 4)
    return 0;
  else
    return 1;
}

Performing C SOURCE FILE Test SCOTCH_Num_8 failed with the following compile output:
Change Dir: /cygdrive/c/Users/jonat/OneDrive/Documents/CMEA/project2_handout/heat-eqn-1d-variable-coeff/build/EigenDownload-prefix/src/EigenDownload-build/CMakeFiles/CMakeTmp

Run Build Command(s):/usr/bin/make.exe -f Makefile cmTC_ef011/fast && make[3]: Verzeichnis „/cygdrive/c/Users/jonat/OneDrive/Documents/CMEA/project2_handout/heat-eqn-1d-variable-coeff/build/EigenDownload-prefix/src/EigenDownload-build/CMakeFiles/CMakeTmp“ wird betreten
/usr/bin/make  -f CMakeFiles/cmTC_ef011.dir/build.make CMakeFiles/cmTC_ef011.dir/build
make[4]: Verzeichnis „/cygdrive/c/Users/jonat/OneDrive/Documents/CMEA/project2_handout/heat-eqn-1d-variable-coeff/build/EigenDownload-prefix/src/EigenDownload-build/CMakeFiles/CMakeTmp“ wird betreten
Building C object CMakeFiles/cmTC_ef011.dir/src.c.o
/usr/bin/cc -DSCOTCH_Num_8   -o CMakeFiles/cmTC_ef011.dir/src.c.o -c /cygdrive/c/Users/jonat/OneDrive/Documents/CMEA/project2_handout/heat-eqn-1d-variable-coeff/build/EigenDownload-prefix/src/EigenDownload-build/CMakeFiles/CMakeTmp/src.c
/cygdrive/c/Users/jonat/OneDrive/Documents/CMEA/project2_handout/heat-eqn-1d-variable-coeff/build/EigenDownload-prefix/src/EigenDownload-build/CMakeFiles/CMakeTmp/src.c:4:10: schwerwiegender Fehler: scotch.h: No such file or directory
    4 | #include <scotch.h>
      |          ^~~~~~~~~~
Kompilierung beendet.
make[4]: *** [CMakeFiles/cmTC_ef011.dir/build.make:78: CMakeFiles/cmTC_ef011.dir/src.c.o] Fehler 1
make[4]: Verzeichnis „/cygdrive/c/Users/jonat/OneDrive/Documents/CMEA/project2_handout/heat-eqn-1d-variable-coeff/build/EigenDownload-prefix/src/EigenDownload-build/CMakeFiles/CMakeTmp“ wird verlassen
make[3]: *** [Makefile:127: cmTC_ef011/fast] Fehler 2
make[3]: Verzeichnis „/cygdrive/c/Users/jonat/OneDrive/Documents/CMEA/project2_handout/heat-eqn-1d-variable-coeff/build/EigenDownload-prefix/src/EigenDownload-build/CMakeFiles/CMakeTmp“ wird verlassen


...and run output:

Return value: 1
Source file was:

#include <stdio.h>
#include <stdint.h>
#include <scotch.h>
int main(int argc, char **argv) {
  if (sizeof(SCOTCH_Num) == 8)
    return 0;
  else
    return 1;
}

The MPI test test_mpi for C in mode normal failed to compile with the following output:
Change Dir: /cygdrive/c/Users/jonat/OneDrive/Documents/CMEA/project2_handout/heat-eqn-1d-variable-coeff/build/EigenDownload-prefix/src/EigenDownload-build/CMakeFiles/CMakeTmp

Run Build Command(s):/usr/bin/make.exe -f Makefile cmTC_c9565/fast && make[3]: Verzeichnis „/cygdrive/c/Users/jonat/OneDrive/Documents/CMEA/project2_handout/heat-eqn-1d-variable-coeff/build/EigenDownload-prefix/src/EigenDownload-build/CMakeFiles/CMakeTmp“ wird betreten
/usr/bin/make  -f CMakeFiles/cmTC_c9565.dir/build.make CMakeFiles/cmTC_c9565.dir/build
make[4]: Verzeichnis „/cygdrive/c/Users/jonat/OneDrive/Documents/CMEA/project2_handout/heat-eqn-1d-variable-coeff/build/EigenDownload-prefix/src/EigenDownload-build/CMakeFiles/CMakeTmp“ wird betreten
Building C object CMakeFiles/cmTC_c9565.dir/test_mpi.c.o
/usr/bin/cc    -o CMakeFiles/cmTC_c9565.dir/test_mpi.c.o -c /usr/share/cmake-3.20.0/Modules/FindMPI/test_mpi.c
/usr/share/cmake-3.20.0/Modules/FindMPI/test_mpi.c:1:10: schwerwiegender Fehler: mpi.h: No such file or directory
    1 | #include <mpi.h>
      |          ^~~~~~~
Kompilierung beendet.
make[4]: *** [CMakeFiles/cmTC_c9565.dir/build.make:78: CMakeFiles/cmTC_c9565.dir/test_mpi.c.o] Fehler 1
make[4]: Verzeichnis „/cygdrive/c/Users/jonat/OneDrive/Documents/CMEA/project2_handout/heat-eqn-1d-variable-coeff/build/EigenDownload-prefix/src/EigenDownload-build/CMakeFiles/CMakeTmp“ wird verlassen
make[3]: *** [Makefile:127: cmTC_c9565/fast] Fehler 2
make[3]: Verzeichnis „/cygdrive/c/Users/jonat/OneDrive/Documents/CMEA/project2_handout/heat-eqn-1d-variable-coeff/build/EigenDownload-prefix/src/EigenDownload-build/CMakeFiles/CMakeTmp“ wird verlassen



The MPI test test_mpi for CXX in mode normal failed to compile with the following output:
Change Dir: /cygdrive/c/Users/jonat/OneDrive/Documents/CMEA/project2_handout/heat-eqn-1d-variable-coeff/build/EigenDownload-prefix/src/EigenDownload-build/CMakeFiles/CMakeTmp

Run Build Command(s):/usr/bin/make.exe -f Makefile cmTC_33b70/fast && make[3]: Verzeichnis „/cygdrive/c/Users/jonat/OneDrive/Documents/CMEA/project2_handout/heat-eqn-1d-variable-coeff/build/EigenDownload-prefix/src/EigenDownload-build/CMakeFiles/CMakeTmp“ wird betreten
/usr/bin/make  -f CMakeFiles/cmTC_33b70.dir/build.make CMakeFiles/cmTC_33b70.dir/build
make[4]: Verzeichnis „/cygdrive/c/Users/jonat/OneDrive/Documents/CMEA/project2_handout/heat-eqn-1d-variable-coeff/build/EigenDownload-prefix/src/EigenDownload-build/CMakeFiles/CMakeTmp“ wird betreten
Building CXX object CMakeFiles/cmTC_33b70.dir/test_mpi.cpp.o
/usr/bin/c++.exe   -std=c++03 -pedantic -Wall -Wextra -Wundef -Wcast-align -Wchar-subscripts -Wnon-virtual-dtor -Wunused-local-typedefs -Wpointer-arith -Wwrite-strings -Wformat-security -Wlogical-op -Wenum-conversion -Wdouble-promotion -Wno-psabi -Wno-variadic-macros -Wno-long-long -fno-check-new -fno-common -fstrict-aliasing -ansi  -o CMakeFiles/cmTC_33b70.dir/test_mpi.cpp.o -c /cygdrive/c/Users/jonat/OneDrive/Documents/CMEA/project2_handout/heat-eqn-1d-variable-coeff/build/EigenDownload-prefix/src/EigenDownload-build/CMakeFiles/FindMPI/test_mpi.cpp
/cygdrive/c/Users/jonat/OneDrive/Documents/CMEA/project2_handout/heat-eqn-1d-variable-coeff/build/EigenDownload-prefix/src/EigenDownload-build/CMakeFiles/FindMPI/test_mpi.cpp:1:10: schwerwiegender Fehler: mpi.h: No such file or directory
    1 | #include <mpi.h>
      |          ^~~~~~~
Kompilierung beendet.
make[4]: *** [CMakeFiles/cmTC_33b70.dir/build.make:78: CMakeFiles/cmTC_33b70.dir/test_mpi.cpp.o] Fehler 1
make[4]: Verzeichnis „/cygdrive/c/Users/jonat/OneDrive/Documents/CMEA/project2_handout/heat-eqn-1d-variable-coeff/build/EigenDownload-prefix/src/EigenDownload-build/CMakeFiles/CMakeTmp“ wird verlassen
make[3]: *** [Makefile:127: cmTC_33b70/fast] Fehler 2
make[3]: Verzeichnis „/cygdrive/c/Users/jonat/OneDrive/Documents/CMEA/project2_handout/heat-eqn-1d-variable-coeff/build/EigenDownload-prefix/src/EigenDownload-build/CMakeFiles/CMakeTmp“ wird verlassen



Performing C SOURCE FILE Test PTSCOTCH_Num_4 failed with the following compile output:
Change Dir: /cygdrive/c/Users/jonat/OneDrive/Documents/CMEA/project2_handout/heat-eqn-1d-variable-coeff/build/EigenDownload-prefix/src/EigenDownload-build/CMakeFiles/CMakeTmp

Run Build Command(s):/usr/bin/make.exe -f Makefile cmTC_faba7/fast && make[3]: Verzeichnis „/cygdrive/c/Users/jonat/OneDrive/Documents/CMEA/project2_handout/heat-eqn-1d-variable-coeff/build/EigenDownload-prefix/src/EigenDownload-build/CMakeFiles/CMakeTmp“ wird betreten
/usr/bin/make  -f CMakeFiles/cmTC_faba7.dir/build.make CMakeFiles/cmTC_faba7.dir/build
make[4]: Verzeichnis „/cygdrive/c/Users/jonat/OneDrive/Documents/CMEA/project2_handout/heat-eqn-1d-variable-coeff/build/EigenDownload-prefix/src/EigenDownload-build/CMakeFiles/CMakeTmp“ wird betreten
Building C object CMakeFiles/cmTC_faba7.dir/src.c.o
/usr/bin/cc -DPTSCOTCH_Num_4   -o CMakeFiles/cmTC_faba7.dir/src.c.o -c /cygdrive/c/Users/jonat/OneDrive/Documents/CMEA/project2_handout/heat-eqn-1d-variable-coeff/build/EigenDownload-prefix/src/EigenDownload-build/CMakeFiles/CMakeTmp/src.c
/cygdrive/c/Users/jonat/OneDrive/Documents/CMEA/project2_handout/heat-eqn-1d-variable-coeff/build/EigenDownload-prefix/src/EigenDownload-build/CMakeFiles/CMakeTmp/src.c:4:10: schwerwiegender Fehler: ptscotch.h: No such file or directory
    4 | #include <ptscotch.h>
      |          ^~~~~~~~~~~~
Kompilierung beendet.
make[4]: *** [CMakeFiles/cmTC_faba7.dir/build.make:78: CMakeFiles/cmTC_faba7.dir/src.c.o] Fehler 1
make[4]: Verzeichnis „/cygdrive/c/Users/jonat/OneDrive/Documents/CMEA/project2_handout/heat-eqn-1d-variable-coeff/build/EigenDownload-prefix/src/EigenDownload-build/CMakeFiles/CMakeTmp“ wird verlassen
make[3]: *** [Makefile:127: cmTC_faba7/fast] Fehler 2
make[3]: Verzeichnis „/cygdrive/c/Users/jonat/OneDrive/Documents/CMEA/project2_handout/heat-eqn-1d-variable-coeff/build/EigenDownload-prefix/src/EigenDownload-build/CMakeFiles/CMakeTmp“ wird verlassen


...and run output:

Return value: 1
Source file was:

#include <stdio.h>
#include <stdint.h>
#include <ptscotch.h>
int main(int argc, char **argv) {
  if (sizeof(SCOTCH_Num) == 4)
    return 0;
  else
    return 1;
}

Performing C SOURCE FILE Test PTSCOTCH_Num_8 failed with the following compile output:
Change Dir: /cygdrive/c/Users/jonat/OneDrive/Documents/CMEA/project2_handout/heat-eqn-1d-variable-coeff/build/EigenDownload-prefix/src/EigenDownload-build/CMakeFiles/CMakeTmp

Run Build Command(s):/usr/bin/make.exe -f Makefile cmTC_a7d17/fast && make[3]: Verzeichnis „/cygdrive/c/Users/jonat/OneDrive/Documents/CMEA/project2_handout/heat-eqn-1d-variable-coeff/build/EigenDownload-prefix/src/EigenDownload-build/CMakeFiles/CMakeTmp“ wird betreten
/usr/bin/make  -f CMakeFiles/cmTC_a7d17.dir/build.make CMakeFiles/cmTC_a7d17.dir/build
make[4]: Verzeichnis „/cygdrive/c/Users/jonat/OneDrive/Documents/CMEA/project2_handout/heat-eqn-1d-variable-coeff/build/EigenDownload-prefix/src/EigenDownload-build/CMakeFiles/CMakeTmp“ wird betreten
Building C object CMakeFiles/cmTC_a7d17.dir/src.c.o
/usr/bin/cc -DPTSCOTCH_Num_8   -o CMakeFiles/cmTC_a7d17.dir/src.c.o -c /cygdrive/c/Users/jonat/OneDrive/Documents/CMEA/project2_handout/heat-eqn-1d-variable-coeff/build/EigenDownload-prefix/src/EigenDownload-build/CMakeFiles/CMakeTmp/src.c
/cygdrive/c/Users/jonat/OneDrive/Documents/CMEA/project2_handout/heat-eqn-1d-variable-coeff/build/EigenDownload-prefix/src/EigenDownload-build/CMakeFiles/CMakeTmp/src.c:4:10: schwerwiegender Fehler: ptscotch.h: No such file or directory
    4 | #include <ptscotch.h>
      |          ^~~~~~~~~~~~
Kompilierung beendet.
make[4]: *** [CMakeFiles/cmTC_a7d17.dir/build.make:78: CMakeFiles/cmTC_a7d17.dir/src.c.o] Fehler 1
make[4]: Verzeichnis „/cygdrive/c/Users/jonat/OneDrive/Documents/CMEA/project2_handout/heat-eqn-1d-variable-coeff/build/EigenDownload-prefix/src/EigenDownload-build/CMakeFiles/CMakeTmp“ wird verlassen
make[3]: *** [Makefile:127: cmTC_a7d17/fast] Fehler 2
make[3]: Verzeichnis „/cygdrive/c/Users/jonat/OneDrive/Documents/CMEA/project2_handout/heat-eqn-1d-variable-coeff/build/EigenDownload-prefix/src/EigenDownload-build/CMakeFiles/CMakeTmp“ wird verlassen


...and run output:

Return value: 1
Source file was:

#include <stdio.h>
#include <stdint.h>
#include <ptscotch.h>
int main(int argc, char **argv) {
  if (sizeof(SCOTCH_Num) == 8)
    return 0;
  else
    return 1;
}

The MPI test test_mpi for C in mode normal failed to compile with the following output:
Change Dir: /cygdrive/c/Users/jonat/OneDrive/Documents/CMEA/project2_handout/heat-eqn-1d-variable-coeff/build/EigenDownload-prefix/src/EigenDownload-build/CMakeFiles/CMakeTmp

Run Build Command(s):/usr/bin/make.exe -f Makefile cmTC_70715/fast && make[3]: Verzeichnis „/cygdrive/c/Users/jonat/OneDrive/Documents/CMEA/project2_handout/heat-eqn-1d-variable-coeff/build/EigenDownload-prefix/src/EigenDownload-build/CMakeFiles/CMakeTmp“ wird betreten
/usr/bin/make  -f CMakeFiles/cmTC_70715.dir/build.make CMakeFiles/cmTC_70715.dir/build
make[4]: Verzeichnis „/cygdrive/c/Users/jonat/OneDrive/Documents/CMEA/project2_handout/heat-eqn-1d-variable-coeff/build/EigenDownload-prefix/src/EigenDownload-build/CMakeFiles/CMakeTmp“ wird betreten
Building C object CMakeFiles/cmTC_70715.dir/test_mpi.c.o
/usr/bin/cc    -o CMakeFiles/cmTC_70715.dir/test_mpi.c.o -c /usr/share/cmake-3.20.0/Modules/FindMPI/test_mpi.c
/usr/share/cmake-3.20.0/Modules/FindMPI/test_mpi.c:1:10: schwerwiegender Fehler: mpi.h: No such file or directory
    1 | #include <mpi.h>
      |          ^~~~~~~
Kompilierung beendet.
make[4]: *** [CMakeFiles/cmTC_70715.dir/build.make:78: CMakeFiles/cmTC_70715.dir/test_mpi.c.o] Fehler 1
make[4]: Verzeichnis „/cygdrive/c/Users/jonat/OneDrive/Documents/CMEA/project2_handout/heat-eqn-1d-variable-coeff/build/EigenDownload-prefix/src/EigenDownload-build/CMakeFiles/CMakeTmp“ wird verlassen
make[3]: *** [Makefile:127: cmTC_70715/fast] Fehler 2
make[3]: Verzeichnis „/cygdrive/c/Users/jonat/OneDrive/Documents/CMEA/project2_handout/heat-eqn-1d-variable-coeff/build/EigenDownload-prefix/src/EigenDownload-build/CMakeFiles/CMakeTmp“ wird verlassen



The MPI test test_mpi for CXX in mode normal failed to compile with the following output:
Change Dir: /cygdrive/c/Users/jonat/OneDrive/Documents/CMEA/project2_handout/heat-eqn-1d-variable-coeff/build/EigenDownload-prefix/src/EigenDownload-build/CMakeFiles/CMakeTmp

Run Build Command(s):/usr/bin/make.exe -f Makefile cmTC_83c48/fast && make[3]: Verzeichnis „/cygdrive/c/Users/jonat/OneDrive/Documents/CMEA/project2_handout/heat-eqn-1d-variable-coeff/build/EigenDownload-prefix/src/EigenDownload-build/CMakeFiles/CMakeTmp“ wird betreten
/usr/bin/make  -f CMakeFiles/cmTC_83c48.dir/build.make CMakeFiles/cmTC_83c48.dir/build
make[4]: Verzeichnis „/cygdrive/c/Users/jonat/OneDrive/Documents/CMEA/project2_handout/heat-eqn-1d-variable-coeff/build/EigenDownload-prefix/src/EigenDownload-build/CMakeFiles/CMakeTmp“ wird betreten
Building CXX object CMakeFiles/cmTC_83c48.dir/test_mpi.cpp.o
/usr/bin/c++.exe   -std=c++03 -pedantic -Wall -Wextra -Wundef -Wcast-align -Wchar-subscripts -Wnon-virtual-dtor -Wunused-local-typedefs -Wpointer-arith -Wwrite-strings -Wformat-security -Wlogical-op -Wenum-conversion -Wdouble-promotion -Wno-psabi -Wno-variadic-macros -Wno-long-long -fno-check-new -fno-common -fstrict-aliasing -ansi  -o CMakeFiles/cmTC_83c48.dir/test_mpi.cpp.o -c /cygdrive/c/Users/jonat/OneDrive/Documents/CMEA/project2_handout/heat-eqn-1d-variable-coeff/build/EigenDownload-prefix/src/EigenDownload-build/CMakeFiles/FindMPI/test_mpi.cpp
/cygdrive/c/Users/jonat/OneDrive/Documents/CMEA/project2_handout/heat-eqn-1d-variable-coeff/build/EigenDownload-prefix/src/EigenDownload-build/CMakeFiles/FindMPI/test_mpi.cpp:1:10: schwerwiegender Fehler: mpi.h: No such file or directory
    1 | #include <mpi.h>
      |          ^~~~~~~
Kompilierung beendet.
make[4]: *** [CMakeFiles/cmTC_83c48.dir/build.make:78: CMakeFiles/cmTC_83c48.dir/test_mpi.cpp.o] Fehler 1
make[4]: Verzeichnis „/cygdrive/c/Users/jonat/OneDrive/Documents/CMEA/project2_handout/heat-eqn-1d-variable-coeff/build/EigenDownload-prefix/src/EigenDownload-build/CMakeFiles/CMakeTmp“ wird verlassen
make[3]: *** [Makefile:127: cmTC_83c48/fast] Fehler 2
make[3]: Verzeichnis „/cygdrive/c/Users/jonat/OneDrive/Documents/CMEA/project2_handout/heat-eqn-1d-variable-coeff/build/EigenDownload-prefix/src/EigenDownload-build/CMakeFiles/CMakeTmp“ wird verlassen



The MPI test test_mpi for C in mode normal failed to compile with the following output:
Change Dir: /cygdrive/c/Users/jonat/OneDrive/Documents/CMEA/project2_handout/heat-eqn-1d-variable-coeff/build/EigenDownload-prefix/src/EigenDownload-build/CMakeFiles/CMakeTmp

Run Build Command(s):/usr/bin/make.exe -f Makefile cmTC_92ca8/fast && make[3]: Verzeichnis „/cygdrive/c/Users/jonat/OneDrive/Documents/CMEA/project2_handout/heat-eqn-1d-variable-coeff/build/EigenDownload-prefix/src/EigenDownload-build/CMakeFiles/CMakeTmp“ wird betreten
/usr/bin/make  -f CMakeFiles/cmTC_92ca8.dir/build.make CMakeFiles/cmTC_92ca8.dir/build
make[4]: Verzeichnis „/cygdrive/c/Users/jonat/OneDrive/Documents/CMEA/project2_handout/heat-eqn-1d-variable-coeff/build/EigenDownload-prefix/src/EigenDownload-build/CMakeFiles/CMakeTmp“ wird betreten
Building C object CMakeFiles/cmTC_92ca8.dir/test_mpi.c.o
/usr/bin/cc    -o CMakeFiles/cmTC_92ca8.dir/test_mpi.c.o -c /usr/share/cmake-3.20.0/Modules/FindMPI/test_mpi.c
/usr/share/cmake-3.20.0/Modules/FindMPI/test_mpi.c:1:10: schwerwiegender Fehler: mpi.h: No such file or directory
    1 | #include <mpi.h>
      |          ^~~~~~~
Kompilierung beendet.
make[4]: *** [CMakeFiles/cmTC_92ca8.dir/build.make:78: CMakeFiles/cmTC_92ca8.dir/test_mpi.c.o] Fehler 1
make[4]: Verzeichnis „/cygdrive/c/Users/jonat/OneDrive/Documents/CMEA/project2_handout/heat-eqn-1d-variable-coeff/build/EigenDownload-prefix/src/EigenDownload-build/CMakeFiles/CMakeTmp“ wird verlassen
make[3]: *** [Makefile:127: cmTC_92ca8/fast] Fehler 2
make[3]: Verzeichnis „/cygdrive/c/Users/jonat/OneDrive/Documents/CMEA/project2_handout/heat-eqn-1d-variable-coeff/build/EigenDownload-prefix/src/EigenDownload-build/CMakeFiles/CMakeTmp“ wird verlassen



The MPI test test_mpi for CXX in mode normal failed to compile with the following output:
Change Dir: /cygdrive/c/Users/jonat/OneDrive/Documents/CMEA/project2_handout/heat-eqn-1d-variable-coeff/build/EigenDownload-prefix/src/EigenDownload-build/CMakeFiles/CMakeTmp

Run Build Command(s):/usr/bin/make.exe -f Makefile cmTC_1f342/fast && make[3]: Verzeichnis „/cygdrive/c/Users/jonat/OneDrive/Documents/CMEA/project2_handout/heat-eqn-1d-variable-coeff/build/EigenDownload-prefix/src/EigenDownload-build/CMakeFiles/CMakeTmp“ wird betreten
/usr/bin/make  -f CMakeFiles/cmTC_1f342.dir/build.make CMakeFiles/cmTC_1f342.dir/build
make[4]: Verzeichnis „/cygdrive/c/Users/jonat/OneDrive/Documents/CMEA/project2_handout/heat-eqn-1d-variable-coeff/build/EigenDownload-prefix/src/EigenDownload-build/CMakeFiles/CMakeTmp“ wird betreten
Building CXX object CMakeFiles/cmTC_1f342.dir/test_mpi.cpp.o
/usr/bin/c++.exe   -std=c++03 -pedantic -Wall -Wextra -Wundef -Wcast-align -Wchar-subscripts -Wnon-virtual-dtor -Wunused-local-typedefs -Wpointer-arith -Wwrite-strings -Wformat-security -Wlogical-op -Wenum-conversion -Wdouble-promotion -Wno-psabi -Wno-variadic-macros -Wno-long-long -fno-check-new -fno-common -fstrict-aliasing -ansi  -o CMakeFiles/cmTC_1f342.dir/test_mpi.cpp.o -c /cygdrive/c/Users/jonat/OneDrive/Documents/CMEA/project2_handout/heat-eqn-1d-variable-coeff/build/EigenDownload-prefix/src/EigenDownload-build/CMakeFiles/FindMPI/test_mpi.cpp
/cygdrive/c/Users/jonat/OneDrive/Documents/CMEA/project2_handout/heat-eqn-1d-variable-coeff/build/EigenDownload-prefix/src/EigenDownload-build/CMakeFiles/FindMPI/test_mpi.cpp:1:10: schwerwiegender Fehler: mpi.h: No such file or directory
    1 | #include <mpi.h>
      |          ^~~~~~~
Kompilierung beendet.
make[4]: *** [CMakeFiles/cmTC_1f342.dir/build.make:78: CMakeFiles/cmTC_1f342.dir/test_mpi.cpp.o] Fehler 1
make[4]: Verzeichnis „/cygdrive/c/Users/jonat/OneDrive/Documents/CMEA/project2_handout/heat-eqn-1d-variable-coeff/build/EigenDownload-prefix/src/EigenDownload-build/CMakeFiles/CMakeTmp“ wird verlassen
make[3]: *** [Makefile:127: cmTC_1f342/fast] Fehler 2
make[3]: Verzeichnis „/cygdrive/c/Users/jonat/OneDrive/Documents/CMEA/project2_handout/heat-eqn-1d-variable-coeff/build/EigenDownload-prefix/src/EigenDownload-build/CMakeFiles/CMakeTmp“ wird verlassen



